0 silly argv {
0 silly argv   _: [ 'run' ],
0 silly argv   lernaVersion: '5.5.4',
0 silly argv   '$0': '..\\..\\..\\AppData\\Roaming\\npm\\node_modules\\lerna\\cli.js',
0 silly argv   script: 'test'
0 silly argv }
1 notice cli v5.5.4
2 verbose rootPath C:\Users\user\source\repos\pegas-alias
3 error JSONError: Unexpected token "}" (0x7D) in JSON at position 313 while parsing near "...t-scripts test\",\r\n  },\r\n  \"dependencies\"..." in packages\client\package.json
3 error
3 error [0m [90m 11 |[39m     [32m"test2"[39m[33m:[39m [32m"jest ./ --passWithNoTests"[39m[33m,[39m[0m
3 error [0m [90m 12 |[39m     [32m"test"[39m[33m:[39m [32m"react-scripts test"[39m[33m,[39m[0m
3 error [0m[31m[1m>[22m[39m[90m 13 |[39m   }[33m,[39m[0m
3 error [0m [90m    |[39m   [31m[1m^[22m[39m[0m
3 error [0m [90m 14 |[39m   [32m"dependencies"[39m[33m:[39m {[0m
3 error [0m [90m 15 |[39m     [32m"axios"[39m[33m:[39m [32m"1.1.2"[39m[33m,[39m[0m
3 error [0m [90m 16 |[39m     [32m"dotenv"[39m[33m:[39m [32m"16.0.2"[39m[33m,[39m[0m
3 error
3 error     at parseJson (C:\Users\user\source\repos\pegas-alias\node_modules\parse-json\index.js:29:21)
3 error     at parse (C:\Users\user\source\repos\pegas-alias\node_modules\load-json-file\index.js:15:9)
3 error     at module.exports (C:\Users\user\source\repos\pegas-alias\node_modules\load-json-file\index.js:18:47)
